
> wbcal@0.1.0 dev
> next dev --webpack

   ▲ Next.js 16.0.10 (webpack)
   - Local:         http://localhost:3000
   - Network:       http://192.168.0.2:3000

 ✓ Starting...
Attention: Next.js now collects completely anonymous telemetry regarding usage.
This information is used to shape Next.js' roadmap and prioritize features.
You can learn more, including how to opt-out if you'd not like to participate in this anonymous program, by visiting the following URL:
https://nextjs.org/telemetry

 ○ (pwa) PWA support is disabled.
 ✓ Ready in 4.8s
 ○ Compiling / ...
 GET / 200 in 15.3s (compile: 14.8s, render: 477ms)
 GET / 200 in 84ms (compile: 10ms, render: 74ms)
 GET / 200 in 56ms (compile: 5ms, render: 50ms)
 GET / 200 in 54ms (compile: 4ms, render: 50ms)
 GET / 200 in 65ms (compile: 6ms, render: 60ms)
 GET / 200 in 63ms (compile: 5ms, render: 58ms)
 GET / 200 in 61ms (compile: 5ms, render: 57ms)
 GET / 200 in 66ms (compile: 5ms, render: 60ms)
